TN:
SF:src\utils\apiFetcher.ts
FN:3,fetchWithCache
FNF:1
FNH:0
FNDA:0,fetchWithCache
DA:1,0
DA:4,0
DA:5,0
DA:6,0
DA:9,0
DA:10,0
DA:11,0
DA:12,0
DA:14,0
DA:15,0
DA:16,0
DA:18,0
DA:19,0
DA:23,0
LF:14
LH:0
BRDA:5,0,0,0
BRDA:11,1,0,0
BRF:2
BRH:0
end_of_record
TN:
SF:src\utils\cache.ts
FN:10,setCache
FN:18,getCache
FNF:2
FNH:0
FNDA:0,setCache
FNDA:0,getCache
DA:8,0
DA:11,0
DA:17,0
DA:19,0
DA:20,0
DA:21,0
DA:22,0
DA:23,0
DA:24,0
DA:26,0
DA:29,0
LF:11
LH:0
BRDA:20,0,0,0
BRDA:22,1,0,0
BRF:2
BRH:0
end_of_record
